2022-11-08 11:10:19,331 ERROR [main] h.j.v.g.Glavna [Glavna.java:41] Krivi unos
java.util.InputMismatchException: null
	at java.base/java.util.Scanner.throwFor(Scanner.java:943)
	at java.base/java.util.Scanner.next(Scanner.java:1598)
	at java.base/java.util.Scanner.nextInt(Scanner.java:2263)
	at java.base/java.util.Scanner.nextInt(Scanner.java:2217)
	at hr.java.vjezbe.glavna.Glavna.main(Glavna.java:31)
2022-11-08 11:17:34,903 ERROR [main] h.j.v.g.Glavna [Glavna.java:46] Krivi unos
java.util.InputMismatchException: null
	at java.base/java.util.Scanner.throwFor(Scanner.java:943)
	at java.base/java.util.Scanner.next(Scanner.java:1598)
	at java.base/java.util.Scanner.nextInt(Scanner.java:2263)
	at java.base/java.util.Scanner.nextInt(Scanner.java:2217)
	at hr.java.vjezbe.glavna.Glavna.main(Glavna.java:37)
2022-11-08 11:21:33,552 ERROR [main] h.j.v.g.Glavna [Glavna.java:46] Krivi unos
java.util.InputMismatchException: null
	at java.base/java.util.Scanner.throwFor(Scanner.java:943)
	at java.base/java.util.Scanner.next(Scanner.java:1598)
	at java.base/java.util.Scanner.nextInt(Scanner.java:2263)
	at java.base/java.util.Scanner.nextInt(Scanner.java:2217)
	at hr.java.vjezbe.glavna.Glavna.main(Glavna.java:37)
2022-11-08 11:21:49,664 ERROR [main] h.j.v.g.Glavna [Glavna.java:46] Krivi unos
java.util.InputMismatchException: Neispravan uaanos!
	at hr.java.vjezbe.glavna.Glavna.main(Glavna.java:40)
2022-11-08 11:22:44,463 ERROR [main] h.j.v.g.Glavna [Glavna.java:46] Krivi unos
java.util.InputMismatchException: null
	at java.base/java.util.Scanner.throwFor(Scanner.java:943)
	at java.base/java.util.Scanner.next(Scanner.java:1598)
	at java.base/java.util.Scanner.nextInt(Scanner.java:2263)
	at java.base/java.util.Scanner.nextInt(Scanner.java:2217)
	at hr.java.vjezbe.glavna.Glavna.main(Glavna.java:37)
2022-11-08 11:27:59,657 ERROR [main] h.j.v.g.Glavna [Glavna.java:46] Krivi unos
java.util.InputMismatchException: null
	at java.base/java.util.Scanner.throwFor(Scanner.java:943)
	at java.base/java.util.Scanner.next(Scanner.java:1598)
	at java.base/java.util.Scanner.nextInt(Scanner.java:2263)
	at java.base/java.util.Scanner.nextInt(Scanner.java:2217)
	at hr.java.vjezbe.glavna.Glavna.main(Glavna.java:37)
2022-11-08 11:30:45,258 ERROR [main] h.j.v.g.Glavna [Glavna.java:47] Krivi unos
java.util.InputMismatchException: null
	at java.base/java.util.Scanner.throwFor(Scanner.java:943)
	at java.base/java.util.Scanner.next(Scanner.java:1598)
	at java.base/java.util.Scanner.nextInt(Scanner.java:2263)
	at java.base/java.util.Scanner.nextInt(Scanner.java:2217)
	at hr.java.vjezbe.glavna.Glavna.main(Glavna.java:37)
2022-11-08 11:33:02,584 ERROR [main] h.j.v.g.Glavna [Glavna.java:47] Krivi unos
java.util.InputMismatchException: null
	at java.base/java.util.Scanner.throwFor(Scanner.java:943)
	at java.base/java.util.Scanner.next(Scanner.java:1598)
	at java.base/java.util.Scanner.nextInt(Scanner.java:2263)
	at java.base/java.util.Scanner.nextInt(Scanner.java:2217)
	at hr.java.vjezbe.glavna.Glavna.main(Glavna.java:37)
2022-11-08 11:33:05,732 ERROR [main] h.j.v.g.Glavna [Glavna.java:47] Krivi unos
java.util.InputMismatchException: null
	at java.base/java.util.Scanner.throwFor(Scanner.java:943)
	at java.base/java.util.Scanner.next(Scanner.java:1598)
	at java.base/java.util.Scanner.nextInt(Scanner.java:2263)
	at java.base/java.util.Scanner.nextInt(Scanner.java:2217)
	at hr.java.vjezbe.glavna.Glavna.main(Glavna.java:37)
2022-11-08 11:34:04,246 ERROR [main] h.j.v.g.Glavna [Glavna.java:47] Krivi unos
java.util.InputMismatchException: null
	at java.base/java.util.Scanner.throwFor(Scanner.java:943)
	at java.base/java.util.Scanner.next(Scanner.java:1598)
	at java.base/java.util.Scanner.nextInt(Scanner.java:2263)
	at java.base/java.util.Scanner.nextInt(Scanner.java:2217)
	at hr.java.vjezbe.glavna.Glavna.main(Glavna.java:37)
2022-11-08 11:34:05,678 ERROR [main] h.j.v.g.Glavna [Glavna.java:47] Krivi unos
java.util.InputMismatchException: Neispravan uaanos!
	at hr.java.vjezbe.glavna.Glavna.main(Glavna.java:40)
2022-11-08 11:34:07,297 ERROR [main] h.j.v.g.Glavna [Glavna.java:47] Krivi unos
java.util.InputMismatchException: Neispravan uaanos!
	at hr.java.vjezbe.glavna.Glavna.main(Glavna.java:40)
2022-11-08 11:34:33,506 ERROR [main] h.j.v.g.Glavna [Glavna.java:48] Krivi unos
java.util.InputMismatchException: null
	at java.base/java.util.Scanner.throwFor(Scanner.java:943)
	at java.base/java.util.Scanner.next(Scanner.java:1598)
	at java.base/java.util.Scanner.nextInt(Scanner.java:2263)
	at java.base/java.util.Scanner.nextInt(Scanner.java:2217)
	at hr.java.vjezbe.glavna.Glavna.main(Glavna.java:38)
2022-11-08 12:56:07,432 ERROR [main] h.j.v.g.Glavna [Glavna.java:42] Krivi unos
java.util.InputMismatchException: null
	at java.base/java.util.Scanner.throwFor(Scanner.java:943)
	at java.base/java.util.Scanner.next(Scanner.java:1598)
	at java.base/java.util.Scanner.nextInt(Scanner.java:2263)
	at java.base/java.util.Scanner.nextInt(Scanner.java:2217)
	at hr.java.vjezbe.glavna.Glavna.main(Glavna.java:32)
2022-11-08 13:02:14,346 ERROR [main] h.j.v.g.Glavna [Glavna.java:42] Krivi unos
java.util.InputMismatchException: null
	at java.base/java.util.Scanner.throwFor(Scanner.java:943)
	at java.base/java.util.Scanner.next(Scanner.java:1598)
	at java.base/java.util.Scanner.nextInt(Scanner.java:2263)
	at java.base/java.util.Scanner.nextInt(Scanner.java:2217)
	at hr.java.vjezbe.glavna.Glavna.main(Glavna.java:32)
2022-11-08 13:02:37,596 ERROR [main] h.j.v.g.Glavna [Glavna.java:42] Krivi unos
java.util.InputMismatchException: null
	at java.base/java.util.Scanner.throwFor(Scanner.java:943)
	at java.base/java.util.Scanner.next(Scanner.java:1598)
	at java.base/java.util.Scanner.nextInt(Scanner.java:2263)
	at java.base/java.util.Scanner.nextInt(Scanner.java:2217)
	at hr.java.vjezbe.glavna.Glavna.main(Glavna.java:32)
2022-11-08 13:03:24,413 ERROR [main] h.j.v.g.Glavna [Glavna.java:42] Krivi unos
java.util.InputMismatchException: null
	at java.base/java.util.Scanner.throwFor(Scanner.java:943)
	at java.base/java.util.Scanner.next(Scanner.java:1598)
	at java.base/java.util.Scanner.nextInt(Scanner.java:2263)
	at java.base/java.util.Scanner.nextInt(Scanner.java:2217)
	at hr.java.vjezbe.glavna.Glavna.main(Glavna.java:32)
2022-11-08 13:03:30,563 ERROR [main] h.j.v.g.Glavna [Glavna.java:186] Krivi unos
java.util.InputMismatchException: Neispravan unos!
	at hr.java.vjezbe.glavna.Glavna.main(Glavna.java:179)
2022-11-08 13:03:32,982 ERROR [main] h.j.v.g.Glavna [Glavna.java:186] Krivi unos
java.util.InputMismatchException: Neispravan unos!
	at hr.java.vjezbe.glavna.Glavna.main(Glavna.java:179)
2022-11-08 13:03:37,151 ERROR [main] h.j.v.g.Glavna [Glavna.java:186] Krivi unos
java.util.InputMismatchException: null
	at java.base/java.util.Scanner.throwFor(Scanner.java:943)
	at java.base/java.util.Scanner.next(Scanner.java:1598)
	at java.base/java.util.Scanner.nextInt(Scanner.java:2263)
	at java.base/java.util.Scanner.nextInt(Scanner.java:2217)
	at hr.java.vjezbe.glavna.Glavna.main(Glavna.java:176)
2022-11-08 14:00:18,716 ERROR [main] h.j.v.g.Glavna [Glavna.java:42] Krivi unos
java.util.InputMismatchException: null
	at java.base/java.util.Scanner.throwFor(Scanner.java:943)
	at java.base/java.util.Scanner.next(Scanner.java:1598)
	at java.base/java.util.Scanner.nextInt(Scanner.java:2263)
	at java.base/java.util.Scanner.nextInt(Scanner.java:2217)
	at hr.java.vjezbe.glavna.Glavna.main(Glavna.java:32)
2022-11-08 14:04:48,300 ERROR [main] h.j.v.g.Glavna [Glavna.java:42] Krivi unos
java.util.InputMismatchException: null
	at java.base/java.util.Scanner.throwFor(Scanner.java:943)
	at java.base/java.util.Scanner.next(Scanner.java:1598)
	at java.base/java.util.Scanner.nextInt(Scanner.java:2263)
	at java.base/java.util.Scanner.nextInt(Scanner.java:2217)
	at hr.java.vjezbe.glavna.Glavna.main(Glavna.java:32)
2022-11-08 14:04:48,350 WARN [main] h.j.v.g.Glavna [VeleucilisteJave.java:86] Student Emil Frankovic zbog negativne ocjene na jednom od ispita ima prosjek 'nedovoljan (1)'!
hr.java.vjezbe.iznimke.NemoguceOdreditiProsjekStudentaException: "Student Emil Frankovic je ocjenjen negativom ocjenom iz predmeta Programiranje (SP710)!"
	at hr.java.vjezbe.entitet.VeleucilisteJave.izracunajKonacnuOcjenuStudijaZaStudenta(VeleucilisteJave.java:71)
	at hr.java.vjezbe.glavna.Glavna.main(Glavna.java:197)
2022-11-08 14:07:42,688 ERROR [main] h.j.v.g.Glavna [Glavna.java:42] Krivi unos
java.util.InputMismatchException: null
	at java.base/java.util.Scanner.throwFor(Scanner.java:943)
	at java.base/java.util.Scanner.next(Scanner.java:1598)
	at java.base/java.util.Scanner.nextInt(Scanner.java:2263)
	at java.base/java.util.Scanner.nextInt(Scanner.java:2217)
	at hr.java.vjezbe.glavna.Glavna.main(Glavna.java:32)
2022-11-08 14:07:42,736 WARN [main] h.j.v.g.Glavna [VeleucilisteJave.java:85] Student Emil Frankovic zbog negativne ocjene na jednom od ispita ima prosjek 'nedovoljan (1)'!
hr.java.vjezbe.iznimke.NemoguceOdreditiProsjekStudentaException: "Student Emil Frankovic je ocjenjen negativom ocjenom iz predmeta Programiranje (SP710)!"
	at hr.java.vjezbe.entitet.VeleucilisteJave.izracunajKonacnuOcjenuStudijaZaStudenta(VeleucilisteJave.java:71)
	at hr.java.vjezbe.glavna.Glavna.main(Glavna.java:197)
2022-11-08 14:07:43,818 WARN [main] h.j.v.g.Glavna [VeleucilisteJave.java:85] Student Danka Zupanovic zbog negativne ocjene na jednom od ispita ima prosjek 'nedovoljan (1)'!
hr.java.vjezbe.iznimke.NemoguceOdreditiProsjekStudentaException: "Student Danka Zupanovic je ocjenjen negativom ocjenom iz predmeta OOP (SP9000)!"
	at hr.java.vjezbe.entitet.VeleucilisteJave.izracunajKonacnuOcjenuStudijaZaStudenta(VeleucilisteJave.java:71)
	at hr.java.vjezbe.glavna.Glavna.main(Glavna.java:197)
2022-11-08 14:10:00,537 ERROR [main] h.j.v.g.Glavna [Glavna.java:42] Krivi unos
java.util.InputMismatchException: null
	at java.base/java.util.Scanner.throwFor(Scanner.java:943)
	at java.base/java.util.Scanner.next(Scanner.java:1598)
	at java.base/java.util.Scanner.nextInt(Scanner.java:2263)
	at java.base/java.util.Scanner.nextInt(Scanner.java:2217)
	at hr.java.vjezbe.glavna.Glavna.main(Glavna.java:32)
2022-11-08 14:10:00,577 WARN [main] h.j.v.g.Glavna [VeleucilisteJave.java:85] Student Emil Frankovic zbog negativne ocjene na jednom od ispita ima prosjek 'nedovoljan (1)'!
hr.java.vjezbe.iznimke.NemoguceOdreditiProsjekStudentaException: "Student Emil Frankovic je ocjenjen negativom ocjenom iz predmeta Programiranje (SP710)!"
	at hr.java.vjezbe.entitet.VeleucilisteJave.izracunajKonacnuOcjenuStudijaZaStudenta(VeleucilisteJave.java:71)
	at hr.java.vjezbe.glavna.Glavna.main(Glavna.java:197)
2022-11-08 14:10:02,848 WARN [main] h.j.v.g.Glavna [VeleucilisteJave.java:85] Student Danka Zupanovic zbog negativne ocjene na jednom od ispita ima prosjek 'nedovoljan (1)'!
hr.java.vjezbe.iznimke.NemoguceOdreditiProsjekStudentaException: "Student Danka Zupanovic je ocjenjen negativom ocjenom iz predmeta OOP (SP9000)!"
	at hr.java.vjezbe.entitet.VeleucilisteJave.izracunajKonacnuOcjenuStudijaZaStudenta(VeleucilisteJave.java:71)
	at hr.java.vjezbe.glavna.Glavna.main(Glavna.java:197)
2022-11-08 14:21:25,228 ERROR [main] h.j.v.g.Glavna [Glavna.java:42] Krivi unos
java.util.InputMismatchException: null
	at java.base/java.util.Scanner.throwFor(Scanner.java:943)
	at java.base/java.util.Scanner.next(Scanner.java:1598)
	at java.base/java.util.Scanner.nextInt(Scanner.java:2263)
	at java.base/java.util.Scanner.nextInt(Scanner.java:2217)
	at hr.java.vjezbe.glavna.Glavna.main(Glavna.java:32)
2022-11-08 14:21:25,271 WARN [main] h.j.v.g.Glavna [FakultetRacunarstva.java:140] Student Marko Curic zbog negativne ocjene na jednom od ispita ima prosjek 'nedovoljan (1)'!
hr.java.vjezbe.iznimke.NemoguceOdreditiProsjekStudentaException: "Student Marko Curic je ocjenjen negativom ocjenom iz predmeta Programiranje Java (PR444)!"
	at hr.java.vjezbe.entitet.FakultetRacunarstva.izracunajKonacnuOcjenuStudijaZaStudenta(FakultetRacunarstva.java:131)
	at hr.java.vjezbe.glavna.Glavna.main(Glavna.java:201)
2022-11-08 14:21:25,272 WARN [main] h.j.v.g.Glavna [FakultetRacunarstva.java:140] Student Ivana Belic zbog negativne ocjene na jednom od ispita ima prosjek 'nedovoljan (1)'!
hr.java.vjezbe.iznimke.NemoguceOdreditiProsjekStudentaException: "Student Ivana Belic je ocjenjen negativom ocjenom iz predmeta Web App (PR667)!"
	at hr.java.vjezbe.entitet.FakultetRacunarstva.izracunajKonacnuOcjenuStudijaZaStudenta(FakultetRacunarstva.java:131)
	at hr.java.vjezbe.glavna.Glavna.main(Glavna.java:201)
2022-11-08 14:22:24,743 ERROR [main] h.j.v.g.Glavna [Glavna.java:42] Krivi unos
java.util.InputMismatchException: null
	at java.base/java.util.Scanner.throwFor(Scanner.java:943)
	at java.base/java.util.Scanner.next(Scanner.java:1598)
	at java.base/java.util.Scanner.nextInt(Scanner.java:2263)
	at java.base/java.util.Scanner.nextInt(Scanner.java:2217)
	at hr.java.vjezbe.glavna.Glavna.main(Glavna.java:32)
2022-11-08 14:22:24,775 WARN [main] h.j.v.g.Glavna [FakultetRacunarstva.java:140] Student Marko Curic zbog negativne ocjene na jednom od ispita ima prosjek 'nedovoljan (1)'!
hr.java.vjezbe.iznimke.NemoguceOdreditiProsjekStudentaException: "Student Marko Curic je ocjenjen negativom ocjenom iz predmeta Programiranje Java (PR444)!"
	at hr.java.vjezbe.entitet.FakultetRacunarstva.izracunajKonacnuOcjenuStudijaZaStudenta(FakultetRacunarstva.java:131)
	at hr.java.vjezbe.glavna.Glavna.main(Glavna.java:201)
2022-11-08 14:22:24,776 WARN [main] h.j.v.g.Glavna [FakultetRacunarstva.java:140] Student Ivana Belic zbog negativne ocjene na jednom od ispita ima prosjek 'nedovoljan (1)'!
hr.java.vjezbe.iznimke.NemoguceOdreditiProsjekStudentaException: "Student Ivana Belic je ocjenjen negativom ocjenom iz predmeta Web App (PR667)!"
	at hr.java.vjezbe.entitet.FakultetRacunarstva.izracunajKonacnuOcjenuStudijaZaStudenta(FakultetRacunarstva.java:131)
	at hr.java.vjezbe.glavna.Glavna.main(Glavna.java:201)
2022-11-08 14:22:24,784 WARN [main] h.j.v.g.Glavna [VeleucilisteJave.java:85] Student Emil Frankovic zbog negativne ocjene na jednom od ispita ima prosjek 'nedovoljan (1)'!
hr.java.vjezbe.iznimke.NemoguceOdreditiProsjekStudentaException: "Student Emil Frankovic je ocjenjen negativom ocjenom iz predmeta Programiranje (SP710)!"
	at hr.java.vjezbe.entitet.VeleucilisteJave.izracunajKonacnuOcjenuStudijaZaStudenta(VeleucilisteJave.java:71)
	at hr.java.vjezbe.glavna.Glavna.main(Glavna.java:197)
2022-11-08 14:22:25,389 WARN [main] h.j.v.g.Glavna [VeleucilisteJave.java:85] Student Danka Zupanovic zbog negativne ocjene na jednom od ispita ima prosjek 'nedovoljan (1)'!
hr.java.vjezbe.iznimke.NemoguceOdreditiProsjekStudentaException: "Student Danka Zupanovic je ocjenjen negativom ocjenom iz predmeta OOP (SP9000)!"
	at hr.java.vjezbe.entitet.VeleucilisteJave.izracunajKonacnuOcjenuStudijaZaStudenta(VeleucilisteJave.java:71)
	at hr.java.vjezbe.glavna.Glavna.main(Glavna.java:197)
2022-11-08 14:23:18,066 ERROR [main] h.j.v.g.Glavna [Glavna.java:42] Krivi unos
java.util.InputMismatchException: null
	at java.base/java.util.Scanner.throwFor(Scanner.java:943)
	at java.base/java.util.Scanner.next(Scanner.java:1598)
	at java.base/java.util.Scanner.nextInt(Scanner.java:2263)
	at java.base/java.util.Scanner.nextInt(Scanner.java:2217)
	at hr.java.vjezbe.glavna.Glavna.main(Glavna.java:32)
2022-11-08 14:23:18,099 WARN [main] h.j.v.g.Glavna [FakultetRacunarstva.java:140] Student Marko  Curic zbog negativne ocjene na jednom od ispita ima prosjek 'nedovoljan (1)'!
hr.java.vjezbe.iznimke.NemoguceOdreditiProsjekStudentaException: "Student Marko  Curic je ocjenjen negativom ocjenom iz predmeta Programiranje Java (PR444)!"
	at hr.java.vjezbe.entitet.FakultetRacunarstva.izracunajKonacnuOcjenuStudijaZaStudenta(FakultetRacunarstva.java:131)
	at hr.java.vjezbe.glavna.Glavna.main(Glavna.java:201)
2022-11-08 14:23:18,100 WARN [main] h.j.v.g.Glavna [FakultetRacunarstva.java:140] Student Ivana Belic zbog negativne ocjene na jednom od ispita ima prosjek 'nedovoljan (1)'!
hr.java.vjezbe.iznimke.NemoguceOdreditiProsjekStudentaException: "Student Ivana Belic je ocjenjen negativom ocjenom iz predmeta Web App (PR667)!"
	at hr.java.vjezbe.entitet.FakultetRacunarstva.izracunajKonacnuOcjenuStudijaZaStudenta(FakultetRacunarstva.java:131)
	at hr.java.vjezbe.glavna.Glavna.main(Glavna.java:201)
2022-11-08 14:23:18,108 WARN [main] h.j.v.g.Glavna [VeleucilisteJave.java:85] Student Emil Frankovic zbog negativne ocjene na jednom od ispita ima prosjek 'nedovoljan (1)'!
hr.java.vjezbe.iznimke.NemoguceOdreditiProsjekStudentaException: "Student Emil Frankovic je ocjenjen negativom ocjenom iz predmeta Programiranje (SP710)!"
	at hr.java.vjezbe.entitet.VeleucilisteJave.izracunajKonacnuOcjenuStudijaZaStudenta(VeleucilisteJave.java:71)
	at hr.java.vjezbe.glavna.Glavna.main(Glavna.java:197)
2022-11-08 14:23:18,911 WARN [main] h.j.v.g.Glavna [VeleucilisteJave.java:85] Student Danka Zupanovic zbog negativne ocjene na jednom od ispita ima prosjek 'nedovoljan (1)'!
hr.java.vjezbe.iznimke.NemoguceOdreditiProsjekStudentaException: "Student Danka Zupanovic je ocjenjen negativom ocjenom iz predmeta OOP (SP9000)!"
	at hr.java.vjezbe.entitet.VeleucilisteJave.izracunajKonacnuOcjenuStudijaZaStudenta(VeleucilisteJave.java:71)
	at hr.java.vjezbe.glavna.Glavna.main(Glavna.java:197)
2022-11-08 14:23:40,679 ERROR [main] h.j.v.g.Glavna [Glavna.java:42] Krivi unos
java.util.InputMismatchException: null
	at java.base/java.util.Scanner.throwFor(Scanner.java:943)
	at java.base/java.util.Scanner.next(Scanner.java:1598)
	at java.base/java.util.Scanner.nextInt(Scanner.java:2263)
	at java.base/java.util.Scanner.nextInt(Scanner.java:2217)
	at hr.java.vjezbe.glavna.Glavna.main(Glavna.java:32)
2022-11-08 14:23:40,712 WARN [main] h.j.v.g.Glavna [FakultetRacunarstva.java:140] Student Marko  Curic zbog negativne ocjene na jednom od ispita ima prosjek 'nedovoljan (1)'!
hr.java.vjezbe.iznimke.NemoguceOdreditiProsjekStudentaException: "Student Marko  Curic je ocjenjen negativom ocjenom iz predmeta Programiranje Java (PR444)!"
	at hr.java.vjezbe.entitet.FakultetRacunarstva.izracunajKonacnuOcjenuStudijaZaStudenta(FakultetRacunarstva.java:131)
	at hr.java.vjezbe.glavna.Glavna.main(Glavna.java:201)
2022-11-08 14:23:40,714 WARN [main] h.j.v.g.Glavna [FakultetRacunarstva.java:140] Student Ivana Belic zbog negativne ocjene na jednom od ispita ima prosjek 'nedovoljan (1)'!
hr.java.vjezbe.iznimke.NemoguceOdreditiProsjekStudentaException: "Student Ivana Belic je ocjenjen negativom ocjenom iz predmeta Web App (PR667)!"
	at hr.java.vjezbe.entitet.FakultetRacunarstva.izracunajKonacnuOcjenuStudijaZaStudenta(FakultetRacunarstva.java:131)
	at hr.java.vjezbe.glavna.Glavna.main(Glavna.java:201)
2022-11-08 14:23:40,721 WARN [main] h.j.v.g.Glavna [VeleucilisteJave.java:85] Student Emil Frankovic zbog negativne ocjene na jednom od ispita ima prosjek 'nedovoljan (1)'!
hr.java.vjezbe.iznimke.NemoguceOdreditiProsjekStudentaException: "Student Emil Frankovic je ocjenjen negativom ocjenom iz predmeta Programiranje (SP710)!"
	at hr.java.vjezbe.entitet.VeleucilisteJave.izracunajKonacnuOcjenuStudijaZaStudenta(VeleucilisteJave.java:71)
	at hr.java.vjezbe.glavna.Glavna.main(Glavna.java:197)
2022-11-08 14:23:42,116 WARN [main] h.j.v.g.Glavna [VeleucilisteJave.java:85] Student Danka Zupanovic zbog negativne ocjene na jednom od ispita ima prosjek 'nedovoljan (1)'!
hr.java.vjezbe.iznimke.NemoguceOdreditiProsjekStudentaException: "Student Danka Zupanovic je ocjenjen negativom ocjenom iz predmeta OOP (SP9000)!"
	at hr.java.vjezbe.entitet.VeleucilisteJave.izracunajKonacnuOcjenuStudijaZaStudenta(VeleucilisteJave.java:71)
	at hr.java.vjezbe.glavna.Glavna.main(Glavna.java:197)
2022-11-08 14:26:20,485 ERROR [main] h.j.v.g.Glavna [Glavna.java:42] Krivi unos
java.util.InputMismatchException: null
	at java.base/java.util.Scanner.throwFor(Scanner.java:943)
	at java.base/java.util.Scanner.next(Scanner.java:1598)
	at java.base/java.util.Scanner.nextInt(Scanner.java:2263)
	at java.base/java.util.Scanner.nextInt(Scanner.java:2217)
	at hr.java.vjezbe.glavna.Glavna.main(Glavna.java:32)
2022-11-08 14:26:35,312 ERROR [main] h.j.v.g.Glavna [Glavna.java:42] Krivi unos
java.util.InputMismatchException: null
	at java.base/java.util.Scanner.throwFor(Scanner.java:943)
	at java.base/java.util.Scanner.next(Scanner.java:1598)
	at java.base/java.util.Scanner.nextInt(Scanner.java:2263)
	at java.base/java.util.Scanner.nextInt(Scanner.java:2217)
	at hr.java.vjezbe.glavna.Glavna.main(Glavna.java:32)
2022-11-08 14:26:37,038 WARN [main] h.j.v.g.Glavna [VeleucilisteJave.java:89] Student Danka Zupanovic zbog negativne ocjene na jednom od ispita ima prosjek 'nedovoljan (1)'!
hr.java.vjezbe.iznimke.NemoguceOdreditiProsjekStudentaException: "Student Danka Zupanovic je ocjenjen negativom ocjenom iz predmeta OOP (SP9000)!"
	at hr.java.vjezbe.entitet.VeleucilisteJave.izracunajKonacnuOcjenuStudijaZaStudenta(VeleucilisteJave.java:75)
	at hr.java.vjezbe.glavna.Glavna.main(Glavna.java:197)
2022-11-08 14:27:04,182 ERROR [main] h.j.v.g.Glavna [Glavna.java:42] Krivi unos
java.util.InputMismatchException: null
	at java.base/java.util.Scanner.throwFor(Scanner.java:943)
	at java.base/java.util.Scanner.next(Scanner.java:1598)
	at java.base/java.util.Scanner.nextInt(Scanner.java:2263)
	at java.base/java.util.Scanner.nextInt(Scanner.java:2217)
	at hr.java.vjezbe.glavna.Glavna.main(Glavna.java:32)
2022-11-08 14:27:04,222 WARN [main] h.j.v.g.Glavna [VeleucilisteJave.java:89] Student Emil Frankovic zbog negativne ocjene na jednom od ispita ima prosjek 'nedovoljan (1)'!
hr.java.vjezbe.iznimke.NemoguceOdreditiProsjekStudentaException: "Student Emil Frankovic je ocjenjen negativom ocjenom iz predmeta OOP (SP9000)!"
	at hr.java.vjezbe.entitet.VeleucilisteJave.izracunajKonacnuOcjenuStudijaZaStudenta(VeleucilisteJave.java:75)
	at hr.java.vjezbe.glavna.Glavna.main(Glavna.java:197)
2022-11-08 14:27:35,089 ERROR [main] h.j.v.g.Glavna [Glavna.java:42] Krivi unos
java.util.InputMismatchException: null
	at java.base/java.util.Scanner.throwFor(Scanner.java:943)
	at java.base/java.util.Scanner.next(Scanner.java:1598)
	at java.base/java.util.Scanner.nextInt(Scanner.java:2263)
	at java.base/java.util.Scanner.nextInt(Scanner.java:2217)
	at hr.java.vjezbe.glavna.Glavna.main(Glavna.java:32)
2022-11-08 14:27:35,128 WARN [main] h.j.v.g.Glavna [VeleucilisteJave.java:89] Student Emil Frankovic zbog negativne ocjene na jednom od ispita ima prosjek 'nedovoljan (1)'!
hr.java.vjezbe.iznimke.NemoguceOdreditiProsjekStudentaException: "Student Emil Frankovic je ocjenjen negativom ocjenom iz predmeta Programiranje (SP710)!"
	at hr.java.vjezbe.entitet.VeleucilisteJave.izracunajKonacnuOcjenuStudijaZaStudenta(VeleucilisteJave.java:75)
	at hr.java.vjezbe.glavna.Glavna.main(Glavna.java:197)
2022-11-08 14:55:07,186 ERROR [main] h.j.v.g.Glavna [Glavna.java:42] Krivi unos
java.util.InputMismatchException: null
	at java.base/java.util.Scanner.throwFor(Scanner.java:943)
	at java.base/java.util.Scanner.next(Scanner.java:1598)
	at java.base/java.util.Scanner.nextInt(Scanner.java:2263)
	at java.base/java.util.Scanner.nextInt(Scanner.java:2217)
	at hr.java.vjezbe.glavna.Glavna.main(Glavna.java:32)
2022-11-08 14:55:08,695 WARN [main] h.j.v.g.Glavna [VeleucilisteJave.java:89] Student Danka Zupanovic zbog negativne ocjene na jednom od ispita ima prosjek 'nedovoljan (1)'!
hr.java.vjezbe.iznimke.NemoguceOdreditiProsjekStudentaException: "Student Danka Zupanovic je ocjenjen negativom ocjenom iz predmeta OOP (SP9000)!"
	at hr.java.vjezbe.entitet.VeleucilisteJave.izracunajKonacnuOcjenuStudijaZaStudenta(VeleucilisteJave.java:75)
	at hr.java.vjezbe.glavna.Glavna.main(Glavna.java:197)
2022-11-28 13:25:50,679 ERROR [main] h.j.v.g.Glavna [Glavna.java:49] Krivi unos
java.util.InputMismatchException: null
	at java.base/java.util.Scanner.throwFor(Scanner.java:943)
	at java.base/java.util.Scanner.next(Scanner.java:1598)
	at java.base/java.util.Scanner.nextInt(Scanner.java:2263)
	at java.base/java.util.Scanner.nextInt(Scanner.java:2217)
	at hr.java.vjezbe.glavna.Glavna.main(Glavna.java:39)
2022-11-28 13:25:51,826 WARN [main] h.j.v.g.Glavna [VeleucilisteJave.java:92] Student Danka Zupanovic zbog negativne ocjene na jednom od ispita ima prosjek 'nedovoljan (1)'!
hr.java.vjezbe.iznimke.NemoguceOdreditiProsjekStudentaException: "Student Danka Zupanovic je ocjenjen negativom ocjenom iz predmeta OOP (SP9000)!"
	at hr.java.vjezbe.entitet.VeleucilisteJave.izracunajKonacnuOcjenuStudijaZaStudenta(VeleucilisteJave.java:78)
	at hr.java.vjezbe.glavna.Glavna.main(Glavna.java:204)
2022-11-28 13:49:10,969 ERROR [main] h.j.v.g.Glavna [Glavna.java:51] Krivi unos
java.util.InputMismatchException: null
	at java.base/java.util.Scanner.throwFor(Scanner.java:943)
	at java.base/java.util.Scanner.next(Scanner.java:1598)
	at java.base/java.util.Scanner.nextInt(Scanner.java:2263)
	at java.base/java.util.Scanner.nextInt(Scanner.java:2217)
	at hr.java.vjezbe.glavna.Glavna.main(Glavna.java:41)
2022-11-28 13:49:11,768 WARN [main] h.j.v.g.Glavna [VeleucilisteJave.java:93] Student Danka Zupanovic zbog negativne ocjene na jednom od ispita ima prosjek 'nedovoljan (1)'!
hr.java.vjezbe.iznimke.NemoguceOdreditiProsjekStudentaException: "Student Danka Zupanovic je ocjenjen negativom ocjenom iz predmeta OOP (SP9000)!"
	at hr.java.vjezbe.entitet.VeleucilisteJave.izracunajKonacnuOcjenuStudijaZaStudenta(VeleucilisteJave.java:79)
	at hr.java.vjezbe.glavna.Glavna.main(Glavna.java:205)
2022-11-28 16:29:18,901 ERROR [main] h.j.v.g.Glavna [Glavna.java:51] Krivi unos
java.util.InputMismatchException: null
	at java.base/java.util.Scanner.throwFor(Scanner.java:943)
	at java.base/java.util.Scanner.next(Scanner.java:1598)
	at java.base/java.util.Scanner.nextInt(Scanner.java:2263)
	at java.base/java.util.Scanner.nextInt(Scanner.java:2217)
	at hr.java.vjezbe.glavna.Glavna.main(Glavna.java:41)
2022-11-28 16:29:20,032 WARN [main] h.j.v.g.Glavna [VeleucilisteJave.java:93] Student Danka Zupanovic zbog negativne ocjene na jednom od ispita ima prosjek 'nedovoljan (1)'!
hr.java.vjezbe.iznimke.NemoguceOdreditiProsjekStudentaException: "Student Danka Zupanovic je ocjenjen negativom ocjenom iz predmeta OOP (SP9000)!"
	at hr.java.vjezbe.entitet.VeleucilisteJave.izracunajKonacnuOcjenuStudijaZaStudenta(VeleucilisteJave.java:79)
	at hr.java.vjezbe.glavna.Glavna.main(Glavna.java:205)
2022-11-28 17:26:39,809 ERROR [main] h.j.v.g.Glavna [Glavna.java:51] Krivi unos
java.util.InputMismatchException: null
	at java.base/java.util.Scanner.throwFor(Scanner.java:943)
	at java.base/java.util.Scanner.next(Scanner.java:1598)
	at java.base/java.util.Scanner.nextInt(Scanner.java:2263)
	at java.base/java.util.Scanner.nextInt(Scanner.java:2217)
	at hr.java.vjezbe.glavna.Glavna.main(Glavna.java:41)
2022-11-28 17:27:53,791 ERROR [main] h.j.v.g.Glavna [Glavna.java:51] Krivi unos
java.util.InputMismatchException: null
	at java.base/java.util.Scanner.throwFor(Scanner.java:943)
	at java.base/java.util.Scanner.next(Scanner.java:1598)
	at java.base/java.util.Scanner.nextInt(Scanner.java:2263)
	at java.base/java.util.Scanner.nextInt(Scanner.java:2217)
	at hr.java.vjezbe.glavna.Glavna.main(Glavna.java:41)
2022-11-28 17:27:54,982 WARN [main] h.j.v.g.Glavna [VeleucilisteJave.java:93] Student Danka Zupanovic zbog negativne ocjene na jednom od ispita ima prosjek 'nedovoljan (1)'!
hr.java.vjezbe.iznimke.NemoguceOdreditiProsjekStudentaException: "Student Danka Zupanovic je ocjenjen negativom ocjenom iz predmeta OOP (SP9000)!"
	at hr.java.vjezbe.entitet.VeleucilisteJave.izracunajKonacnuOcjenuStudijaZaStudenta(VeleucilisteJave.java:79)
	at hr.java.vjezbe.glavna.Glavna.main(Glavna.java:205)
2022-11-28 17:42:35,105 ERROR [main] h.j.v.g.Glavna [Glavna.java:51] Krivi unos
java.util.InputMismatchException: null
	at java.base/java.util.Scanner.throwFor(Scanner.java:943)
	at java.base/java.util.Scanner.next(Scanner.java:1598)
	at java.base/java.util.Scanner.nextInt(Scanner.java:2263)
	at java.base/java.util.Scanner.nextInt(Scanner.java:2217)
	at hr.java.vjezbe.glavna.Glavna.main(Glavna.java:41)
2022-11-28 17:44:09,010 ERROR [main] h.j.v.g.Glavna [Glavna.java:51] Krivi unos
java.util.InputMismatchException: null
	at java.base/java.util.Scanner.throwFor(Scanner.java:943)
	at java.base/java.util.Scanner.next(Scanner.java:1598)
	at java.base/java.util.Scanner.nextInt(Scanner.java:2263)
	at java.base/java.util.Scanner.nextInt(Scanner.java:2217)
	at hr.java.vjezbe.glavna.Glavna.main(Glavna.java:41)
2022-11-28 17:44:10,897 WARN [main] h.j.v.g.Glavna [VeleucilisteJave.java:93] Student Danka Zupanovic zbog negativne ocjene na jednom od ispita ima prosjek 'nedovoljan (1)'!
hr.java.vjezbe.iznimke.NemoguceOdreditiProsjekStudentaException: "Student Danka Zupanovic je ocjenjen negativom ocjenom iz predmeta OOP (SP9000)!"
	at hr.java.vjezbe.entitet.VeleucilisteJave.izracunajKonacnuOcjenuStudijaZaStudenta(VeleucilisteJave.java:79)
	at hr.java.vjezbe.glavna.Glavna.main(Glavna.java:205)
2022-11-28 17:55:48,724 ERROR [main] h.j.v.g.Glavna [Glavna.java:52] Krivi unos
java.util.InputMismatchException: null
	at java.base/java.util.Scanner.throwFor(Scanner.java:943)
	at java.base/java.util.Scanner.next(Scanner.java:1598)
	at java.base/java.util.Scanner.nextInt(Scanner.java:2263)
	at java.base/java.util.Scanner.nextInt(Scanner.java:2217)
	at hr.java.vjezbe.glavna.Glavna.main(Glavna.java:42)
2022-11-28 17:55:49,405 WARN [main] h.j.v.g.Glavna [VeleucilisteJave.java:93] Student Danka Zupanovic zbog negativne ocjene na jednom od ispita ima prosjek 'nedovoljan (1)'!
hr.java.vjezbe.iznimke.NemoguceOdreditiProsjekStudentaException: "Student Danka Zupanovic je ocjenjen negativom ocjenom iz predmeta OOP (SP9000)!"
	at hr.java.vjezbe.entitet.VeleucilisteJave.izracunajKonacnuOcjenuStudijaZaStudenta(VeleucilisteJave.java:79)
	at hr.java.vjezbe.glavna.Glavna.main(Glavna.java:206)
2022-11-28 20:46:31,796 ERROR [main] h.j.v.g.Glavna [Glavna.java:52] Krivi unos
java.util.InputMismatchException: null
	at java.base/java.util.Scanner.throwFor(Scanner.java:943)
	at java.base/java.util.Scanner.next(Scanner.java:1598)
	at java.base/java.util.Scanner.nextInt(Scanner.java:2263)
	at java.base/java.util.Scanner.nextInt(Scanner.java:2217)
	at hr.java.vjezbe.glavna.Glavna.main(Glavna.java:42)
2022-11-28 21:14:36,329 ERROR [main] h.j.v.g.Glavna [Glavna.java:52] Krivi unos
java.util.InputMismatchException: null
	at java.base/java.util.Scanner.throwFor(Scanner.java:943)
	at java.base/java.util.Scanner.next(Scanner.java:1598)
	at java.base/java.util.Scanner.nextInt(Scanner.java:2263)
	at java.base/java.util.Scanner.nextInt(Scanner.java:2217)
	at hr.java.vjezbe.glavna.Glavna.main(Glavna.java:42)
2022-11-28 21:16:07,963 ERROR [main] h.j.v.g.Glavna [Glavna.java:52] Krivi unos
java.util.InputMismatchException: null
	at java.base/java.util.Scanner.throwFor(Scanner.java:943)
	at java.base/java.util.Scanner.next(Scanner.java:1598)
	at java.base/java.util.Scanner.nextInt(Scanner.java:2263)
	at java.base/java.util.Scanner.nextInt(Scanner.java:2217)
	at hr.java.vjezbe.glavna.Glavna.main(Glavna.java:42)
2022-11-28 21:27:54,078 ERROR [main] h.j.v.g.Glavna [Glavna.java:52] Krivi unos
java.util.InputMismatchException: null
	at java.base/java.util.Scanner.throwFor(Scanner.java:943)
	at java.base/java.util.Scanner.next(Scanner.java:1598)
	at java.base/java.util.Scanner.nextInt(Scanner.java:2263)
	at java.base/java.util.Scanner.nextInt(Scanner.java:2217)
	at hr.java.vjezbe.glavna.Glavna.main(Glavna.java:42)
2022-11-28 21:28:55,356 ERROR [main] h.j.v.g.Glavna [Glavna.java:52] Krivi unos
java.util.InputMismatchException: null
	at java.base/java.util.Scanner.throwFor(Scanner.java:943)
	at java.base/java.util.Scanner.next(Scanner.java:1598)
	at java.base/java.util.Scanner.nextInt(Scanner.java:2263)
	at java.base/java.util.Scanner.nextInt(Scanner.java:2217)
	at hr.java.vjezbe.glavna.Glavna.main(Glavna.java:42)
2022-11-28 21:29:07,394 ERROR [main] h.j.v.g.Glavna [Glavna.java:52] Krivi unos
java.util.InputMismatchException: null
	at java.base/java.util.Scanner.throwFor(Scanner.java:943)
	at java.base/java.util.Scanner.next(Scanner.java:1598)
	at java.base/java.util.Scanner.nextInt(Scanner.java:2263)
	at java.base/java.util.Scanner.nextInt(Scanner.java:2217)
	at hr.java.vjezbe.glavna.Glavna.main(Glavna.java:42)
2022-11-28 21:30:57,299 ERROR [main] h.j.v.g.Glavna [Glavna.java:52] Krivi unos
java.util.InputMismatchException: null
	at java.base/java.util.Scanner.throwFor(Scanner.java:943)
	at java.base/java.util.Scanner.next(Scanner.java:1598)
	at java.base/java.util.Scanner.nextInt(Scanner.java:2263)
	at java.base/java.util.Scanner.nextInt(Scanner.java:2217)
	at hr.java.vjezbe.glavna.Glavna.main(Glavna.java:42)
2022-11-28 21:31:08,770 ERROR [main] h.j.v.g.Glavna [Glavna.java:52] Krivi unos
java.util.InputMismatchException: null
	at java.base/java.util.Scanner.throwFor(Scanner.java:943)
	at java.base/java.util.Scanner.next(Scanner.java:1598)
	at java.base/java.util.Scanner.nextInt(Scanner.java:2263)
	at java.base/java.util.Scanner.nextInt(Scanner.java:2217)
	at hr.java.vjezbe.glavna.Glavna.main(Glavna.java:42)
2022-11-28 21:31:23,293 ERROR [main] h.j.v.g.Glavna [Glavna.java:52] Krivi unos
java.util.InputMismatchException: null
	at java.base/java.util.Scanner.throwFor(Scanner.java:943)
	at java.base/java.util.Scanner.next(Scanner.java:1598)
	at java.base/java.util.Scanner.nextInt(Scanner.java:2263)
	at java.base/java.util.Scanner.nextInt(Scanner.java:2217)
	at hr.java.vjezbe.glavna.Glavna.main(Glavna.java:42)
2022-11-28 21:31:40,889 ERROR [main] h.j.v.g.Glavna [Glavna.java:52] Krivi unos
java.util.InputMismatchException: null
	at java.base/java.util.Scanner.throwFor(Scanner.java:943)
	at java.base/java.util.Scanner.next(Scanner.java:1598)
	at java.base/java.util.Scanner.nextInt(Scanner.java:2263)
	at java.base/java.util.Scanner.nextInt(Scanner.java:2217)
	at hr.java.vjezbe.glavna.Glavna.main(Glavna.java:42)
2022-11-28 21:31:56,516 ERROR [main] h.j.v.g.Glavna [Glavna.java:52] Krivi unos
java.util.InputMismatchException: null
	at java.base/java.util.Scanner.throwFor(Scanner.java:943)
	at java.base/java.util.Scanner.next(Scanner.java:1598)
	at java.base/java.util.Scanner.nextInt(Scanner.java:2263)
	at java.base/java.util.Scanner.nextInt(Scanner.java:2217)
	at hr.java.vjezbe.glavna.Glavna.main(Glavna.java:42)
2022-11-28 21:32:11,610 ERROR [main] h.j.v.g.Glavna [Glavna.java:52] Krivi unos
java.util.InputMismatchException: null
	at java.base/java.util.Scanner.throwFor(Scanner.java:943)
	at java.base/java.util.Scanner.next(Scanner.java:1598)
	at java.base/java.util.Scanner.nextInt(Scanner.java:2263)
	at java.base/java.util.Scanner.nextInt(Scanner.java:2217)
	at hr.java.vjezbe.glavna.Glavna.main(Glavna.java:42)
2022-11-28 21:32:38,334 ERROR [main] h.j.v.g.Glavna [Glavna.java:52] Krivi unos
java.util.InputMismatchException: null
	at java.base/java.util.Scanner.throwFor(Scanner.java:943)
	at java.base/java.util.Scanner.next(Scanner.java:1598)
	at java.base/java.util.Scanner.nextInt(Scanner.java:2263)
	at java.base/java.util.Scanner.nextInt(Scanner.java:2217)
	at hr.java.vjezbe.glavna.Glavna.main(Glavna.java:42)
2022-11-28 21:34:36,787 ERROR [main] h.j.v.g.Glavna [Glavna.java:52] Krivi unos
java.util.InputMismatchException: null
	at java.base/java.util.Scanner.throwFor(Scanner.java:943)
	at java.base/java.util.Scanner.next(Scanner.java:1598)
	at java.base/java.util.Scanner.nextInt(Scanner.java:2263)
	at java.base/java.util.Scanner.nextInt(Scanner.java:2217)
	at hr.java.vjezbe.glavna.Glavna.main(Glavna.java:42)
2022-11-28 21:45:08,078 ERROR [main] h.j.v.g.Glavna [Glavna.java:52] Krivi unos
java.util.InputMismatchException: null
	at java.base/java.util.Scanner.throwFor(Scanner.java:943)
	at java.base/java.util.Scanner.next(Scanner.java:1598)
	at java.base/java.util.Scanner.nextInt(Scanner.java:2263)
	at java.base/java.util.Scanner.nextInt(Scanner.java:2217)
	at hr.java.vjezbe.glavna.Glavna.main(Glavna.java:42)
2022-11-28 21:46:01,742 WARN [main] h.j.v.g.Glavna [VeleucilisteJave.java:93] Student Danka Zupanovic zbog negativne ocjene na jednom od ispita ima prosjek 'nedovoljan (1)'!
hr.java.vjezbe.iznimke.NemoguceOdreditiProsjekStudentaException: "Student Danka Zupanovic je ocjenjen negativom ocjenom iz predmeta OOP (SP9000)!"
	at hr.java.vjezbe.entitet.VeleucilisteJave.izracunajKonacnuOcjenuStudijaZaStudenta(VeleucilisteJave.java:79)
	at hr.java.vjezbe.glavna.Glavna.main(Glavna.java:206)
2022-11-28 21:47:32,445 ERROR [main] h.j.v.g.Glavna [Glavna.java:52] Krivi unos
java.util.InputMismatchException: null
	at java.base/java.util.Scanner.throwFor(Scanner.java:943)
	at java.base/java.util.Scanner.next(Scanner.java:1598)
	at java.base/java.util.Scanner.nextInt(Scanner.java:2263)
	at java.base/java.util.Scanner.nextInt(Scanner.java:2217)
	at hr.java.vjezbe.glavna.Glavna.main(Glavna.java:42)
2022-11-28 21:48:28,290 ERROR [main] h.j.v.g.Glavna [Glavna.java:52] Krivi unos
java.util.InputMismatchException: null
	at java.base/java.util.Scanner.throwFor(Scanner.java:943)
	at java.base/java.util.Scanner.next(Scanner.java:1598)
	at java.base/java.util.Scanner.nextInt(Scanner.java:2263)
	at java.base/java.util.Scanner.nextInt(Scanner.java:2217)
	at hr.java.vjezbe.glavna.Glavna.main(Glavna.java:42)
2022-11-28 21:48:29,428 WARN [main] h.j.v.g.Glavna [VeleucilisteJave.java:93] Student Danka Zupanovic zbog negativne ocjene na jednom od ispita ima prosjek 'nedovoljan (1)'!
hr.java.vjezbe.iznimke.NemoguceOdreditiProsjekStudentaException: "Student Danka Zupanovic je ocjenjen negativom ocjenom iz predmeta OOP (SP9000)!"
	at hr.java.vjezbe.entitet.VeleucilisteJave.izracunajKonacnuOcjenuStudijaZaStudenta(VeleucilisteJave.java:79)
	at hr.java.vjezbe.glavna.Glavna.main(Glavna.java:207)
2022-11-28 21:52:48,358 ERROR [main] h.j.v.g.Glavna [Glavna.java:52] Krivi unos
java.util.InputMismatchException: null
	at java.base/java.util.Scanner.throwFor(Scanner.java:943)
	at java.base/java.util.Scanner.next(Scanner.java:1598)
	at java.base/java.util.Scanner.nextInt(Scanner.java:2263)
	at java.base/java.util.Scanner.nextInt(Scanner.java:2217)
	at hr.java.vjezbe.glavna.Glavna.main(Glavna.java:42)
2022-11-28 21:54:52,102 ERROR [main] h.j.v.g.Glavna [Glavna.java:52] Krivi unos
java.util.InputMismatchException: null
	at java.base/java.util.Scanner.throwFor(Scanner.java:943)
	at java.base/java.util.Scanner.next(Scanner.java:1598)
	at java.base/java.util.Scanner.nextInt(Scanner.java:2263)
	at java.base/java.util.Scanner.nextInt(Scanner.java:2217)
	at hr.java.vjezbe.glavna.Glavna.main(Glavna.java:42)
2022-11-28 21:57:34,699 ERROR [main] h.j.v.g.Glavna [Glavna.java:52] Krivi unos
java.util.InputMismatchException: null
	at java.base/java.util.Scanner.throwFor(Scanner.java:943)
	at java.base/java.util.Scanner.next(Scanner.java:1598)
	at java.base/java.util.Scanner.nextInt(Scanner.java:2263)
	at java.base/java.util.Scanner.nextInt(Scanner.java:2217)
	at hr.java.vjezbe.glavna.Glavna.main(Glavna.java:42)
2022-11-28 22:02:56,042 ERROR [main] h.j.v.g.Glavna [Glavna.java:52] Krivi unos
java.util.InputMismatchException: null
	at java.base/java.util.Scanner.throwFor(Scanner.java:943)
	at java.base/java.util.Scanner.next(Scanner.java:1598)
	at java.base/java.util.Scanner.nextInt(Scanner.java:2263)
	at java.base/java.util.Scanner.nextInt(Scanner.java:2217)
	at hr.java.vjezbe.glavna.Glavna.main(Glavna.java:42)
2022-11-28 22:05:10,089 ERROR [main] h.j.v.g.Glavna [Glavna.java:52] Krivi unos
java.util.InputMismatchException: null
	at java.base/java.util.Scanner.throwFor(Scanner.java:943)
	at java.base/java.util.Scanner.next(Scanner.java:1598)
	at java.base/java.util.Scanner.nextInt(Scanner.java:2263)
	at java.base/java.util.Scanner.nextInt(Scanner.java:2217)
	at hr.java.vjezbe.glavna.Glavna.main(Glavna.java:42)
2022-11-28 22:06:28,914 ERROR [main] h.j.v.g.Glavna [Glavna.java:52] Krivi unos
java.util.InputMismatchException: null
	at java.base/java.util.Scanner.throwFor(Scanner.java:943)
	at java.base/java.util.Scanner.next(Scanner.java:1598)
	at java.base/java.util.Scanner.nextInt(Scanner.java:2263)
	at java.base/java.util.Scanner.nextInt(Scanner.java:2217)
	at hr.java.vjezbe.glavna.Glavna.main(Glavna.java:42)
2022-11-28 22:11:26,052 ERROR [main] h.j.v.g.Glavna [Glavna.java:52] Krivi unos
java.util.InputMismatchException: null
	at java.base/java.util.Scanner.throwFor(Scanner.java:943)
	at java.base/java.util.Scanner.next(Scanner.java:1598)
	at java.base/java.util.Scanner.nextInt(Scanner.java:2263)
	at java.base/java.util.Scanner.nextInt(Scanner.java:2217)
	at hr.java.vjezbe.glavna.Glavna.main(Glavna.java:42)
2022-11-28 22:13:59,438 ERROR [main] h.j.v.g.Glavna [Glavna.java:52] Krivi unos
java.util.InputMismatchException: null
	at java.base/java.util.Scanner.throwFor(Scanner.java:943)
	at java.base/java.util.Scanner.next(Scanner.java:1598)
	at java.base/java.util.Scanner.nextInt(Scanner.java:2263)
	at java.base/java.util.Scanner.nextInt(Scanner.java:2217)
	at hr.java.vjezbe.glavna.Glavna.main(Glavna.java:42)
2022-11-28 22:14:21,624 ERROR [main] h.j.v.g.Glavna [Glavna.java:52] Krivi unos
java.util.InputMismatchException: null
	at java.base/java.util.Scanner.throwFor(Scanner.java:943)
	at java.base/java.util.Scanner.next(Scanner.java:1598)
	at java.base/java.util.Scanner.nextInt(Scanner.java:2263)
	at java.base/java.util.Scanner.nextInt(Scanner.java:2217)
	at hr.java.vjezbe.glavna.Glavna.main(Glavna.java:42)
2022-11-28 22:15:40,588 ERROR [main] h.j.v.g.Glavna [Glavna.java:52] Krivi unos
java.util.InputMismatchException: null
	at java.base/java.util.Scanner.throwFor(Scanner.java:943)
	at java.base/java.util.Scanner.next(Scanner.java:1598)
	at java.base/java.util.Scanner.nextInt(Scanner.java:2263)
	at java.base/java.util.Scanner.nextInt(Scanner.java:2217)
	at hr.java.vjezbe.glavna.Glavna.main(Glavna.java:42)
2022-11-28 22:15:41,764 WARN [main] h.j.v.g.Glavna [VeleucilisteJave.java:93] Student Danka Zupanovic zbog negativne ocjene na jednom od ispita ima prosjek 'nedovoljan (1)'!
hr.java.vjezbe.iznimke.NemoguceOdreditiProsjekStudentaException: "Student Danka Zupanovic je ocjenjen negativom ocjenom iz predmeta OOP (SP9000)!"
	at hr.java.vjezbe.entitet.VeleucilisteJave.izracunajKonacnuOcjenuStudijaZaStudenta(VeleucilisteJave.java:79)
	at hr.java.vjezbe.glavna.Glavna.main(Glavna.java:209)
2022-11-28 22:16:52,359 ERROR [main] h.j.v.g.Glavna [Glavna.java:52] Krivi unos
java.util.InputMismatchException: null
	at java.base/java.util.Scanner.throwFor(Scanner.java:943)
	at java.base/java.util.Scanner.next(Scanner.java:1598)
	at java.base/java.util.Scanner.nextInt(Scanner.java:2263)
	at java.base/java.util.Scanner.nextInt(Scanner.java:2217)
	at hr.java.vjezbe.glavna.Glavna.main(Glavna.java:42)
2022-11-28 22:16:53,388 WARN [main] h.j.v.g.Glavna [VeleucilisteJave.java:93] Student Danka Zupanovic zbog negativne ocjene na jednom od ispita ima prosjek 'nedovoljan (1)'!
hr.java.vjezbe.iznimke.NemoguceOdreditiProsjekStudentaException: "Student Danka Zupanovic je ocjenjen negativom ocjenom iz predmeta OOP (SP9000)!"
	at hr.java.vjezbe.entitet.VeleucilisteJave.izracunajKonacnuOcjenuStudijaZaStudenta(VeleucilisteJave.java:79)
	at hr.java.vjezbe.glavna.Glavna.main(Glavna.java:209)
2022-11-29 12:42:20,470 ERROR [main] h.j.v.g.Glavna [Glavna.java:52] Krivi unos
java.util.InputMismatchException: null
	at java.base/java.util.Scanner.throwFor(Scanner.java:943)
	at java.base/java.util.Scanner.next(Scanner.java:1598)
	at java.base/java.util.Scanner.nextInt(Scanner.java:2263)
	at java.base/java.util.Scanner.nextInt(Scanner.java:2217)
	at hr.java.vjezbe.glavna.Glavna.main(Glavna.java:42)
2022-11-29 12:43:49,542 ERROR [main] h.j.v.g.Glavna [Glavna.java:52] Krivi unos
java.util.InputMismatchException: null
	at java.base/java.util.Scanner.throwFor(Scanner.java:943)
	at java.base/java.util.Scanner.next(Scanner.java:1598)
	at java.base/java.util.Scanner.nextInt(Scanner.java:2263)
	at java.base/java.util.Scanner.nextInt(Scanner.java:2217)
	at hr.java.vjezbe.glavna.Glavna.main(Glavna.java:42)
2022-11-29 12:43:50,628 WARN [main] h.j.v.g.Glavna [VeleucilisteJave.java:93] Student Danka Zupanovic zbog negativne ocjene na jednom od ispita ima prosjek 'nedovoljan (1)'!
hr.java.vjezbe.iznimke.NemoguceOdreditiProsjekStudentaException: "Student Danka Zupanovic je ocjenjen negativom ocjenom iz predmeta OOP (SP9000)!"
	at hr.java.vjezbe.entitet.VeleucilisteJave.izracunajKonacnuOcjenuStudijaZaStudenta(VeleucilisteJave.java:79)
	at hr.java.vjezbe.glavna.Glavna.main(Glavna.java:209)
2022-11-29 12:46:13,170 ERROR [main] h.j.v.g.Glavna [Glavna.java:52] Krivi unos
java.util.InputMismatchException: null
	at java.base/java.util.Scanner.throwFor(Scanner.java:943)
	at java.base/java.util.Scanner.next(Scanner.java:1598)
	at java.base/java.util.Scanner.nextInt(Scanner.java:2263)
	at java.base/java.util.Scanner.nextInt(Scanner.java:2217)
	at hr.java.vjezbe.glavna.Glavna.main(Glavna.java:42)
2022-11-29 12:47:17,328 ERROR [main] h.j.v.g.Glavna [Glavna.java:52] Krivi unos
java.util.InputMismatchException: null
	at java.base/java.util.Scanner.throwFor(Scanner.java:943)
	at java.base/java.util.Scanner.next(Scanner.java:1598)
	at java.base/java.util.Scanner.nextInt(Scanner.java:2263)
	at java.base/java.util.Scanner.nextInt(Scanner.java:2217)
	at hr.java.vjezbe.glavna.Glavna.main(Glavna.java:42)
2022-11-29 12:48:42,556 ERROR [main] h.j.v.g.Glavna [Glavna.java:52] Krivi unos
java.util.InputMismatchException: null
	at java.base/java.util.Scanner.throwFor(Scanner.java:943)
	at java.base/java.util.Scanner.next(Scanner.java:1598)
	at java.base/java.util.Scanner.nextInt(Scanner.java:2263)
	at java.base/java.util.Scanner.nextInt(Scanner.java:2217)
	at hr.java.vjezbe.glavna.Glavna.main(Glavna.java:42)
2022-11-29 12:48:44,526 WARN [main] h.j.v.g.Glavna [VeleucilisteJave.java:93] Student Danka Zupanovic zbog negativne ocjene na jednom od ispita ima prosjek 'nedovoljan (1)'!
hr.java.vjezbe.iznimke.NemoguceOdreditiProsjekStudentaException: "Student Danka Zupanovic je ocjenjen negativom ocjenom iz predmeta OOP (SP9000)!"
	at hr.java.vjezbe.entitet.VeleucilisteJave.izracunajKonacnuOcjenuStudijaZaStudenta(VeleucilisteJave.java:79)
	at hr.java.vjezbe.glavna.Glavna.main(Glavna.java:209)
2022-11-29 12:51:57,110 ERROR [main] h.j.v.g.Glavna [Glavna.java:52] Krivi unos
java.util.InputMismatchException: null
	at java.base/java.util.Scanner.throwFor(Scanner.java:943)
	at java.base/java.util.Scanner.next(Scanner.java:1598)
	at java.base/java.util.Scanner.nextInt(Scanner.java:2263)
	at java.base/java.util.Scanner.nextInt(Scanner.java:2217)
	at hr.java.vjezbe.glavna.Glavna.main(Glavna.java:42)
2022-11-29 13:36:42,403 ERROR [main] h.j.v.g.Glavna [Glavna.java:52] Krivi unos
java.util.InputMismatchException: null
	at java.base/java.util.Scanner.throwFor(Scanner.java:943)
	at java.base/java.util.Scanner.next(Scanner.java:1598)
	at java.base/java.util.Scanner.nextInt(Scanner.java:2263)
	at java.base/java.util.Scanner.nextInt(Scanner.java:2217)
	at hr.java.vjezbe.glavna.Glavna.main(Glavna.java:42)
2022-11-29 13:37:08,101 ERROR [main] h.j.v.g.Glavna [Glavna.java:52] Krivi unos
java.util.InputMismatchException: null
	at java.base/java.util.Scanner.throwFor(Scanner.java:943)
	at java.base/java.util.Scanner.next(Scanner.java:1598)
	at java.base/java.util.Scanner.nextInt(Scanner.java:2263)
	at java.base/java.util.Scanner.nextInt(Scanner.java:2217)
	at hr.java.vjezbe.glavna.Glavna.main(Glavna.java:42)
2022-11-29 13:38:24,766 ERROR [main] h.j.v.g.Glavna [Glavna.java:52] Krivi unos
java.util.InputMismatchException: null
	at java.base/java.util.Scanner.throwFor(Scanner.java:943)
	at java.base/java.util.Scanner.next(Scanner.java:1598)
	at java.base/java.util.Scanner.nextInt(Scanner.java:2263)
	at java.base/java.util.Scanner.nextInt(Scanner.java:2217)
	at hr.java.vjezbe.glavna.Glavna.main(Glavna.java:42)
2022-11-29 13:39:25,571 ERROR [main] h.j.v.g.Glavna [Glavna.java:52] Krivi unos
java.util.InputMismatchException: null
	at java.base/java.util.Scanner.throwFor(Scanner.java:943)
	at java.base/java.util.Scanner.next(Scanner.java:1598)
	at java.base/java.util.Scanner.nextInt(Scanner.java:2263)
	at java.base/java.util.Scanner.nextInt(Scanner.java:2217)
	at hr.java.vjezbe.glavna.Glavna.main(Glavna.java:42)
2022-11-29 13:40:26,239 ERROR [main] h.j.v.g.Glavna [Glavna.java:52] Krivi unos
java.util.InputMismatchException: null
	at java.base/java.util.Scanner.throwFor(Scanner.java:943)
	at java.base/java.util.Scanner.next(Scanner.java:1598)
	at java.base/java.util.Scanner.nextInt(Scanner.java:2263)
	at java.base/java.util.Scanner.nextInt(Scanner.java:2217)
	at hr.java.vjezbe.glavna.Glavna.main(Glavna.java:42)
2022-11-29 13:43:14,166 ERROR [main] h.j.v.g.Glavna [Glavna.java:52] Krivi unos
java.util.InputMismatchException: null
	at java.base/java.util.Scanner.throwFor(Scanner.java:943)
	at java.base/java.util.Scanner.next(Scanner.java:1598)
	at java.base/java.util.Scanner.nextInt(Scanner.java:2263)
	at java.base/java.util.Scanner.nextInt(Scanner.java:2217)
	at hr.java.vjezbe.glavna.Glavna.main(Glavna.java:42)
2022-11-29 13:45:36,325 ERROR [main] h.j.v.g.Glavna [Glavna.java:52] Krivi unos
java.util.InputMismatchException: null
	at java.base/java.util.Scanner.throwFor(Scanner.java:943)
	at java.base/java.util.Scanner.next(Scanner.java:1598)
	at java.base/java.util.Scanner.nextInt(Scanner.java:2263)
	at java.base/java.util.Scanner.nextInt(Scanner.java:2217)
	at hr.java.vjezbe.glavna.Glavna.main(Glavna.java:42)
2022-11-29 13:48:07,966 ERROR [main] h.j.v.g.Glavna [Glavna.java:52] Krivi unos
java.util.InputMismatchException: null
	at java.base/java.util.Scanner.throwFor(Scanner.java:943)
	at java.base/java.util.Scanner.next(Scanner.java:1598)
	at java.base/java.util.Scanner.nextInt(Scanner.java:2263)
	at java.base/java.util.Scanner.nextInt(Scanner.java:2217)
	at hr.java.vjezbe.glavna.Glavna.main(Glavna.java:42)
2022-11-29 13:56:12,820 ERROR [main] h.j.v.g.Glavna [Glavna.java:52] Krivi unos
java.util.InputMismatchException: null
	at java.base/java.util.Scanner.throwFor(Scanner.java:943)
	at java.base/java.util.Scanner.next(Scanner.java:1598)
	at java.base/java.util.Scanner.nextInt(Scanner.java:2263)
	at java.base/java.util.Scanner.nextInt(Scanner.java:2217)
	at hr.java.vjezbe.glavna.Glavna.main(Glavna.java:42)
2022-11-29 13:56:57,768 ERROR [main] h.j.v.g.Glavna [Glavna.java:52] Krivi unos
java.util.InputMismatchException: null
	at java.base/java.util.Scanner.throwFor(Scanner.java:943)
	at java.base/java.util.Scanner.next(Scanner.java:1598)
	at java.base/java.util.Scanner.nextInt(Scanner.java:2263)
	at java.base/java.util.Scanner.nextInt(Scanner.java:2217)
	at hr.java.vjezbe.glavna.Glavna.main(Glavna.java:42)
