2022-11-08 11:10:19,331 ERROR [main] h.j.v.g.Glavna [Glavna.java:41] Krivi unos
java.util.InputMismatchException: null
	at java.base/java.util.Scanner.throwFor(Scanner.java:943)
	at java.base/java.util.Scanner.next(Scanner.java:1598)
	at java.base/java.util.Scanner.nextInt(Scanner.java:2263)
	at java.base/java.util.Scanner.nextInt(Scanner.java:2217)
	at hr.java.vjezbe.glavna.Glavna.main(Glavna.java:31)
2022-11-08 11:17:34,903 ERROR [main] h.j.v.g.Glavna [Glavna.java:46] Krivi unos
java.util.InputMismatchException: null
	at java.base/java.util.Scanner.throwFor(Scanner.java:943)
	at java.base/java.util.Scanner.next(Scanner.java:1598)
	at java.base/java.util.Scanner.nextInt(Scanner.java:2263)
	at java.base/java.util.Scanner.nextInt(Scanner.java:2217)
	at hr.java.vjezbe.glavna.Glavna.main(Glavna.java:37)
2022-11-08 11:21:33,552 ERROR [main] h.j.v.g.Glavna [Glavna.java:46] Krivi unos
java.util.InputMismatchException: null
	at java.base/java.util.Scanner.throwFor(Scanner.java:943)
	at java.base/java.util.Scanner.next(Scanner.java:1598)
	at java.base/java.util.Scanner.nextInt(Scanner.java:2263)
	at java.base/java.util.Scanner.nextInt(Scanner.java:2217)
	at hr.java.vjezbe.glavna.Glavna.main(Glavna.java:37)
2022-11-08 11:21:49,664 ERROR [main] h.j.v.g.Glavna [Glavna.java:46] Krivi unos
java.util.InputMismatchException: Neispravan uaanos!
	at hr.java.vjezbe.glavna.Glavna.main(Glavna.java:40)
2022-11-08 11:22:44,463 ERROR [main] h.j.v.g.Glavna [Glavna.java:46] Krivi unos
java.util.InputMismatchException: null
	at java.base/java.util.Scanner.throwFor(Scanner.java:943)
	at java.base/java.util.Scanner.next(Scanner.java:1598)
	at java.base/java.util.Scanner.nextInt(Scanner.java:2263)
	at java.base/java.util.Scanner.nextInt(Scanner.java:2217)
	at hr.java.vjezbe.glavna.Glavna.main(Glavna.java:37)
2022-11-08 11:27:59,657 ERROR [main] h.j.v.g.Glavna [Glavna.java:46] Krivi unos
java.util.InputMismatchException: null
	at java.base/java.util.Scanner.throwFor(Scanner.java:943)
	at java.base/java.util.Scanner.next(Scanner.java:1598)
	at java.base/java.util.Scanner.nextInt(Scanner.java:2263)
	at java.base/java.util.Scanner.nextInt(Scanner.java:2217)
	at hr.java.vjezbe.glavna.Glavna.main(Glavna.java:37)
2022-11-08 11:30:45,258 ERROR [main] h.j.v.g.Glavna [Glavna.java:47] Krivi unos
java.util.InputMismatchException: null
	at java.base/java.util.Scanner.throwFor(Scanner.java:943)
	at java.base/java.util.Scanner.next(Scanner.java:1598)
	at java.base/java.util.Scanner.nextInt(Scanner.java:2263)
	at java.base/java.util.Scanner.nextInt(Scanner.java:2217)
	at hr.java.vjezbe.glavna.Glavna.main(Glavna.java:37)
2022-11-08 11:33:02,584 ERROR [main] h.j.v.g.Glavna [Glavna.java:47] Krivi unos
java.util.InputMismatchException: null
	at java.base/java.util.Scanner.throwFor(Scanner.java:943)
	at java.base/java.util.Scanner.next(Scanner.java:1598)
	at java.base/java.util.Scanner.nextInt(Scanner.java:2263)
	at java.base/java.util.Scanner.nextInt(Scanner.java:2217)
	at hr.java.vjezbe.glavna.Glavna.main(Glavna.java:37)
2022-11-08 11:33:05,732 ERROR [main] h.j.v.g.Glavna [Glavna.java:47] Krivi unos
java.util.InputMismatchException: null
	at java.base/java.util.Scanner.throwFor(Scanner.java:943)
	at java.base/java.util.Scanner.next(Scanner.java:1598)
	at java.base/java.util.Scanner.nextInt(Scanner.java:2263)
	at java.base/java.util.Scanner.nextInt(Scanner.java:2217)
	at hr.java.vjezbe.glavna.Glavna.main(Glavna.java:37)
2022-11-08 11:34:04,246 ERROR [main] h.j.v.g.Glavna [Glavna.java:47] Krivi unos
java.util.InputMismatchException: null
	at java.base/java.util.Scanner.throwFor(Scanner.java:943)
	at java.base/java.util.Scanner.next(Scanner.java:1598)
	at java.base/java.util.Scanner.nextInt(Scanner.java:2263)
	at java.base/java.util.Scanner.nextInt(Scanner.java:2217)
	at hr.java.vjezbe.glavna.Glavna.main(Glavna.java:37)
2022-11-08 11:34:05,678 ERROR [main] h.j.v.g.Glavna [Glavna.java:47] Krivi unos
java.util.InputMismatchException: Neispravan uaanos!
	at hr.java.vjezbe.glavna.Glavna.main(Glavna.java:40)
2022-11-08 11:34:07,297 ERROR [main] h.j.v.g.Glavna [Glavna.java:47] Krivi unos
java.util.InputMismatchException: Neispravan uaanos!
	at hr.java.vjezbe.glavna.Glavna.main(Glavna.java:40)
2022-11-08 11:34:33,506 ERROR [main] h.j.v.g.Glavna [Glavna.java:48] Krivi unos
java.util.InputMismatchException: null
	at java.base/java.util.Scanner.throwFor(Scanner.java:943)
	at java.base/java.util.Scanner.next(Scanner.java:1598)
	at java.base/java.util.Scanner.nextInt(Scanner.java:2263)
	at java.base/java.util.Scanner.nextInt(Scanner.java:2217)
	at hr.java.vjezbe.glavna.Glavna.main(Glavna.java:38)
2022-11-08 12:56:07,432 ERROR [main] h.j.v.g.Glavna [Glavna.java:42] Krivi unos
java.util.InputMismatchException: null
	at java.base/java.util.Scanner.throwFor(Scanner.java:943)
	at java.base/java.util.Scanner.next(Scanner.java:1598)
	at java.base/java.util.Scanner.nextInt(Scanner.java:2263)
	at java.base/java.util.Scanner.nextInt(Scanner.java:2217)
	at hr.java.vjezbe.glavna.Glavna.main(Glavna.java:32)
2022-11-08 13:02:14,346 ERROR [main] h.j.v.g.Glavna [Glavna.java:42] Krivi unos
java.util.InputMismatchException: null
	at java.base/java.util.Scanner.throwFor(Scanner.java:943)
	at java.base/java.util.Scanner.next(Scanner.java:1598)
	at java.base/java.util.Scanner.nextInt(Scanner.java:2263)
	at java.base/java.util.Scanner.nextInt(Scanner.java:2217)
	at hr.java.vjezbe.glavna.Glavna.main(Glavna.java:32)
2022-11-08 13:02:37,596 ERROR [main] h.j.v.g.Glavna [Glavna.java:42] Krivi unos
java.util.InputMismatchException: null
	at java.base/java.util.Scanner.throwFor(Scanner.java:943)
	at java.base/java.util.Scanner.next(Scanner.java:1598)
	at java.base/java.util.Scanner.nextInt(Scanner.java:2263)
	at java.base/java.util.Scanner.nextInt(Scanner.java:2217)
	at hr.java.vjezbe.glavna.Glavna.main(Glavna.java:32)
2022-11-08 13:03:24,413 ERROR [main] h.j.v.g.Glavna [Glavna.java:42] Krivi unos
java.util.InputMismatchException: null
	at java.base/java.util.Scanner.throwFor(Scanner.java:943)
	at java.base/java.util.Scanner.next(Scanner.java:1598)
	at java.base/java.util.Scanner.nextInt(Scanner.java:2263)
	at java.base/java.util.Scanner.nextInt(Scanner.java:2217)
	at hr.java.vjezbe.glavna.Glavna.main(Glavna.java:32)
2022-11-08 13:03:30,563 ERROR [main] h.j.v.g.Glavna [Glavna.java:186] Krivi unos
java.util.InputMismatchException: Neispravan unos!
	at hr.java.vjezbe.glavna.Glavna.main(Glavna.java:179)
2022-11-08 13:03:32,982 ERROR [main] h.j.v.g.Glavna [Glavna.java:186] Krivi unos
java.util.InputMismatchException: Neispravan unos!
	at hr.java.vjezbe.glavna.Glavna.main(Glavna.java:179)
2022-11-08 13:03:37,151 ERROR [main] h.j.v.g.Glavna [Glavna.java:186] Krivi unos
java.util.InputMismatchException: null
	at java.base/java.util.Scanner.throwFor(Scanner.java:943)
	at java.base/java.util.Scanner.next(Scanner.java:1598)
	at java.base/java.util.Scanner.nextInt(Scanner.java:2263)
	at java.base/java.util.Scanner.nextInt(Scanner.java:2217)
	at hr.java.vjezbe.glavna.Glavna.main(Glavna.java:176)
2022-11-08 14:00:18,716 ERROR [main] h.j.v.g.Glavna [Glavna.java:42] Krivi unos
java.util.InputMismatchException: null
	at java.base/java.util.Scanner.throwFor(Scanner.java:943)
	at java.base/java.util.Scanner.next(Scanner.java:1598)
	at java.base/java.util.Scanner.nextInt(Scanner.java:2263)
	at java.base/java.util.Scanner.nextInt(Scanner.java:2217)
	at hr.java.vjezbe.glavna.Glavna.main(Glavna.java:32)
2022-11-08 14:04:48,300 ERROR [main] h.j.v.g.Glavna [Glavna.java:42] Krivi unos
java.util.InputMismatchException: null
	at java.base/java.util.Scanner.throwFor(Scanner.java:943)
	at java.base/java.util.Scanner.next(Scanner.java:1598)
	at java.base/java.util.Scanner.nextInt(Scanner.java:2263)
	at java.base/java.util.Scanner.nextInt(Scanner.java:2217)
	at hr.java.vjezbe.glavna.Glavna.main(Glavna.java:32)
2022-11-08 14:04:48,350 WARN [main] h.j.v.g.Glavna [VeleucilisteJave.java:86] Student Emil Frankovic zbog negativne ocjene na jednom od ispita ima prosjek 'nedovoljan (1)'!
hr.java.vjezbe.iznimke.NemoguceOdreditiProsjekStudentaException: "Student Emil Frankovic je ocjenjen negativom ocjenom iz predmeta Programiranje (SP710)!"
	at hr.java.vjezbe.entitet.VeleucilisteJave.izracunajKonacnuOcjenuStudijaZaStudenta(VeleucilisteJave.java:71)
	at hr.java.vjezbe.glavna.Glavna.main(Glavna.java:197)
2022-11-08 14:07:42,688 ERROR [main] h.j.v.g.Glavna [Glavna.java:42] Krivi unos
java.util.InputMismatchException: null
	at java.base/java.util.Scanner.throwFor(Scanner.java:943)
	at java.base/java.util.Scanner.next(Scanner.java:1598)
	at java.base/java.util.Scanner.nextInt(Scanner.java:2263)
	at java.base/java.util.Scanner.nextInt(Scanner.java:2217)
	at hr.java.vjezbe.glavna.Glavna.main(Glavna.java:32)
2022-11-08 14:07:42,736 WARN [main] h.j.v.g.Glavna [VeleucilisteJave.java:85] Student Emil Frankovic zbog negativne ocjene na jednom od ispita ima prosjek 'nedovoljan (1)'!
hr.java.vjezbe.iznimke.NemoguceOdreditiProsjekStudentaException: "Student Emil Frankovic je ocjenjen negativom ocjenom iz predmeta Programiranje (SP710)!"
	at hr.java.vjezbe.entitet.VeleucilisteJave.izracunajKonacnuOcjenuStudijaZaStudenta(VeleucilisteJave.java:71)
	at hr.java.vjezbe.glavna.Glavna.main(Glavna.java:197)
2022-11-08 14:07:43,818 WARN [main] h.j.v.g.Glavna [VeleucilisteJave.java:85] Student Danka Zupanovic zbog negativne ocjene na jednom od ispita ima prosjek 'nedovoljan (1)'!
hr.java.vjezbe.iznimke.NemoguceOdreditiProsjekStudentaException: "Student Danka Zupanovic je ocjenjen negativom ocjenom iz predmeta OOP (SP9000)!"
	at hr.java.vjezbe.entitet.VeleucilisteJave.izracunajKonacnuOcjenuStudijaZaStudenta(VeleucilisteJave.java:71)
	at hr.java.vjezbe.glavna.Glavna.main(Glavna.java:197)
2022-11-08 14:10:00,537 ERROR [main] h.j.v.g.Glavna [Glavna.java:42] Krivi unos
java.util.InputMismatchException: null
	at java.base/java.util.Scanner.throwFor(Scanner.java:943)
	at java.base/java.util.Scanner.next(Scanner.java:1598)
	at java.base/java.util.Scanner.nextInt(Scanner.java:2263)
	at java.base/java.util.Scanner.nextInt(Scanner.java:2217)
	at hr.java.vjezbe.glavna.Glavna.main(Glavna.java:32)
2022-11-08 14:10:00,577 WARN [main] h.j.v.g.Glavna [VeleucilisteJave.java:85] Student Emil Frankovic zbog negativne ocjene na jednom od ispita ima prosjek 'nedovoljan (1)'!
hr.java.vjezbe.iznimke.NemoguceOdreditiProsjekStudentaException: "Student Emil Frankovic je ocjenjen negativom ocjenom iz predmeta Programiranje (SP710)!"
	at hr.java.vjezbe.entitet.VeleucilisteJave.izracunajKonacnuOcjenuStudijaZaStudenta(VeleucilisteJave.java:71)
	at hr.java.vjezbe.glavna.Glavna.main(Glavna.java:197)
2022-11-08 14:10:02,848 WARN [main] h.j.v.g.Glavna [VeleucilisteJave.java:85] Student Danka Zupanovic zbog negativne ocjene na jednom od ispita ima prosjek 'nedovoljan (1)'!
hr.java.vjezbe.iznimke.NemoguceOdreditiProsjekStudentaException: "Student Danka Zupanovic je ocjenjen negativom ocjenom iz predmeta OOP (SP9000)!"
	at hr.java.vjezbe.entitet.VeleucilisteJave.izracunajKonacnuOcjenuStudijaZaStudenta(VeleucilisteJave.java:71)
	at hr.java.vjezbe.glavna.Glavna.main(Glavna.java:197)
2022-11-08 14:21:25,228 ERROR [main] h.j.v.g.Glavna [Glavna.java:42] Krivi unos
java.util.InputMismatchException: null
	at java.base/java.util.Scanner.throwFor(Scanner.java:943)
	at java.base/java.util.Scanner.next(Scanner.java:1598)
	at java.base/java.util.Scanner.nextInt(Scanner.java:2263)
	at java.base/java.util.Scanner.nextInt(Scanner.java:2217)
	at hr.java.vjezbe.glavna.Glavna.main(Glavna.java:32)
2022-11-08 14:21:25,271 WARN [main] h.j.v.g.Glavna [FakultetRacunarstva.java:140] Student Marko Curic zbog negativne ocjene na jednom od ispita ima prosjek 'nedovoljan (1)'!
hr.java.vjezbe.iznimke.NemoguceOdreditiProsjekStudentaException: "Student Marko Curic je ocjenjen negativom ocjenom iz predmeta Programiranje Java (PR444)!"
	at hr.java.vjezbe.entitet.FakultetRacunarstva.izracunajKonacnuOcjenuStudijaZaStudenta(FakultetRacunarstva.java:131)
	at hr.java.vjezbe.glavna.Glavna.main(Glavna.java:201)
2022-11-08 14:21:25,272 WARN [main] h.j.v.g.Glavna [FakultetRacunarstva.java:140] Student Ivana Belic zbog negativne ocjene na jednom od ispita ima prosjek 'nedovoljan (1)'!
hr.java.vjezbe.iznimke.NemoguceOdreditiProsjekStudentaException: "Student Ivana Belic je ocjenjen negativom ocjenom iz predmeta Web App (PR667)!"
	at hr.java.vjezbe.entitet.FakultetRacunarstva.izracunajKonacnuOcjenuStudijaZaStudenta(FakultetRacunarstva.java:131)
	at hr.java.vjezbe.glavna.Glavna.main(Glavna.java:201)
2022-11-08 14:22:24,743 ERROR [main] h.j.v.g.Glavna [Glavna.java:42] Krivi unos
java.util.InputMismatchException: null
	at java.base/java.util.Scanner.throwFor(Scanner.java:943)
	at java.base/java.util.Scanner.next(Scanner.java:1598)
	at java.base/java.util.Scanner.nextInt(Scanner.java:2263)
	at java.base/java.util.Scanner.nextInt(Scanner.java:2217)
	at hr.java.vjezbe.glavna.Glavna.main(Glavna.java:32)
2022-11-08 14:22:24,775 WARN [main] h.j.v.g.Glavna [FakultetRacunarstva.java:140] Student Marko Curic zbog negativne ocjene na jednom od ispita ima prosjek 'nedovoljan (1)'!
hr.java.vjezbe.iznimke.NemoguceOdreditiProsjekStudentaException: "Student Marko Curic je ocjenjen negativom ocjenom iz predmeta Programiranje Java (PR444)!"
	at hr.java.vjezbe.entitet.FakultetRacunarstva.izracunajKonacnuOcjenuStudijaZaStudenta(FakultetRacunarstva.java:131)
	at hr.java.vjezbe.glavna.Glavna.main(Glavna.java:201)
2022-11-08 14:22:24,776 WARN [main] h.j.v.g.Glavna [FakultetRacunarstva.java:140] Student Ivana Belic zbog negativne ocjene na jednom od ispita ima prosjek 'nedovoljan (1)'!
hr.java.vjezbe.iznimke.NemoguceOdreditiProsjekStudentaException: "Student Ivana Belic je ocjenjen negativom ocjenom iz predmeta Web App (PR667)!"
	at hr.java.vjezbe.entitet.FakultetRacunarstva.izracunajKonacnuOcjenuStudijaZaStudenta(FakultetRacunarstva.java:131)
	at hr.java.vjezbe.glavna.Glavna.main(Glavna.java:201)
2022-11-08 14:22:24,784 WARN [main] h.j.v.g.Glavna [VeleucilisteJave.java:85] Student Emil Frankovic zbog negativne ocjene na jednom od ispita ima prosjek 'nedovoljan (1)'!
hr.java.vjezbe.iznimke.NemoguceOdreditiProsjekStudentaException: "Student Emil Frankovic je ocjenjen negativom ocjenom iz predmeta Programiranje (SP710)!"
	at hr.java.vjezbe.entitet.VeleucilisteJave.izracunajKonacnuOcjenuStudijaZaStudenta(VeleucilisteJave.java:71)
	at hr.java.vjezbe.glavna.Glavna.main(Glavna.java:197)
2022-11-08 14:22:25,389 WARN [main] h.j.v.g.Glavna [VeleucilisteJave.java:85] Student Danka Zupanovic zbog negativne ocjene na jednom od ispita ima prosjek 'nedovoljan (1)'!
hr.java.vjezbe.iznimke.NemoguceOdreditiProsjekStudentaException: "Student Danka Zupanovic je ocjenjen negativom ocjenom iz predmeta OOP (SP9000)!"
	at hr.java.vjezbe.entitet.VeleucilisteJave.izracunajKonacnuOcjenuStudijaZaStudenta(VeleucilisteJave.java:71)
	at hr.java.vjezbe.glavna.Glavna.main(Glavna.java:197)
2022-11-08 14:23:18,066 ERROR [main] h.j.v.g.Glavna [Glavna.java:42] Krivi unos
java.util.InputMismatchException: null
	at java.base/java.util.Scanner.throwFor(Scanner.java:943)
	at java.base/java.util.Scanner.next(Scanner.java:1598)
	at java.base/java.util.Scanner.nextInt(Scanner.java:2263)
	at java.base/java.util.Scanner.nextInt(Scanner.java:2217)
	at hr.java.vjezbe.glavna.Glavna.main(Glavna.java:32)
2022-11-08 14:23:18,099 WARN [main] h.j.v.g.Glavna [FakultetRacunarstva.java:140] Student Marko  Curic zbog negativne ocjene na jednom od ispita ima prosjek 'nedovoljan (1)'!
hr.java.vjezbe.iznimke.NemoguceOdreditiProsjekStudentaException: "Student Marko  Curic je ocjenjen negativom ocjenom iz predmeta Programiranje Java (PR444)!"
	at hr.java.vjezbe.entitet.FakultetRacunarstva.izracunajKonacnuOcjenuStudijaZaStudenta(FakultetRacunarstva.java:131)
	at hr.java.vjezbe.glavna.Glavna.main(Glavna.java:201)
2022-11-08 14:23:18,100 WARN [main] h.j.v.g.Glavna [FakultetRacunarstva.java:140] Student Ivana Belic zbog negativne ocjene na jednom od ispita ima prosjek 'nedovoljan (1)'!
hr.java.vjezbe.iznimke.NemoguceOdreditiProsjekStudentaException: "Student Ivana Belic je ocjenjen negativom ocjenom iz predmeta Web App (PR667)!"
	at hr.java.vjezbe.entitet.FakultetRacunarstva.izracunajKonacnuOcjenuStudijaZaStudenta(FakultetRacunarstva.java:131)
	at hr.java.vjezbe.glavna.Glavna.main(Glavna.java:201)
2022-11-08 14:23:18,108 WARN [main] h.j.v.g.Glavna [VeleucilisteJave.java:85] Student Emil Frankovic zbog negativne ocjene na jednom od ispita ima prosjek 'nedovoljan (1)'!
hr.java.vjezbe.iznimke.NemoguceOdreditiProsjekStudentaException: "Student Emil Frankovic je ocjenjen negativom ocjenom iz predmeta Programiranje (SP710)!"
	at hr.java.vjezbe.entitet.VeleucilisteJave.izracunajKonacnuOcjenuStudijaZaStudenta(VeleucilisteJave.java:71)
	at hr.java.vjezbe.glavna.Glavna.main(Glavna.java:197)
2022-11-08 14:23:18,911 WARN [main] h.j.v.g.Glavna [VeleucilisteJave.java:85] Student Danka Zupanovic zbog negativne ocjene na jednom od ispita ima prosjek 'nedovoljan (1)'!
hr.java.vjezbe.iznimke.NemoguceOdreditiProsjekStudentaException: "Student Danka Zupanovic je ocjenjen negativom ocjenom iz predmeta OOP (SP9000)!"
	at hr.java.vjezbe.entitet.VeleucilisteJave.izracunajKonacnuOcjenuStudijaZaStudenta(VeleucilisteJave.java:71)
	at hr.java.vjezbe.glavna.Glavna.main(Glavna.java:197)
2022-11-08 14:23:40,679 ERROR [main] h.j.v.g.Glavna [Glavna.java:42] Krivi unos
java.util.InputMismatchException: null
	at java.base/java.util.Scanner.throwFor(Scanner.java:943)
	at java.base/java.util.Scanner.next(Scanner.java:1598)
	at java.base/java.util.Scanner.nextInt(Scanner.java:2263)
	at java.base/java.util.Scanner.nextInt(Scanner.java:2217)
	at hr.java.vjezbe.glavna.Glavna.main(Glavna.java:32)
2022-11-08 14:23:40,712 WARN [main] h.j.v.g.Glavna [FakultetRacunarstva.java:140] Student Marko  Curic zbog negativne ocjene na jednom od ispita ima prosjek 'nedovoljan (1)'!
hr.java.vjezbe.iznimke.NemoguceOdreditiProsjekStudentaException: "Student Marko  Curic je ocjenjen negativom ocjenom iz predmeta Programiranje Java (PR444)!"
	at hr.java.vjezbe.entitet.FakultetRacunarstva.izracunajKonacnuOcjenuStudijaZaStudenta(FakultetRacunarstva.java:131)
	at hr.java.vjezbe.glavna.Glavna.main(Glavna.java:201)
2022-11-08 14:23:40,714 WARN [main] h.j.v.g.Glavna [FakultetRacunarstva.java:140] Student Ivana Belic zbog negativne ocjene na jednom od ispita ima prosjek 'nedovoljan (1)'!
hr.java.vjezbe.iznimke.NemoguceOdreditiProsjekStudentaException: "Student Ivana Belic je ocjenjen negativom ocjenom iz predmeta Web App (PR667)!"
	at hr.java.vjezbe.entitet.FakultetRacunarstva.izracunajKonacnuOcjenuStudijaZaStudenta(FakultetRacunarstva.java:131)
	at hr.java.vjezbe.glavna.Glavna.main(Glavna.java:201)
2022-11-08 14:23:40,721 WARN [main] h.j.v.g.Glavna [VeleucilisteJave.java:85] Student Emil Frankovic zbog negativne ocjene na jednom od ispita ima prosjek 'nedovoljan (1)'!
hr.java.vjezbe.iznimke.NemoguceOdreditiProsjekStudentaException: "Student Emil Frankovic je ocjenjen negativom ocjenom iz predmeta Programiranje (SP710)!"
	at hr.java.vjezbe.entitet.VeleucilisteJave.izracunajKonacnuOcjenuStudijaZaStudenta(VeleucilisteJave.java:71)
	at hr.java.vjezbe.glavna.Glavna.main(Glavna.java:197)
2022-11-08 14:23:42,116 WARN [main] h.j.v.g.Glavna [VeleucilisteJave.java:85] Student Danka Zupanovic zbog negativne ocjene na jednom od ispita ima prosjek 'nedovoljan (1)'!
hr.java.vjezbe.iznimke.NemoguceOdreditiProsjekStudentaException: "Student Danka Zupanovic je ocjenjen negativom ocjenom iz predmeta OOP (SP9000)!"
	at hr.java.vjezbe.entitet.VeleucilisteJave.izracunajKonacnuOcjenuStudijaZaStudenta(VeleucilisteJave.java:71)
	at hr.java.vjezbe.glavna.Glavna.main(Glavna.java:197)
2022-11-08 14:26:20,485 ERROR [main] h.j.v.g.Glavna [Glavna.java:42] Krivi unos
java.util.InputMismatchException: null
	at java.base/java.util.Scanner.throwFor(Scanner.java:943)
	at java.base/java.util.Scanner.next(Scanner.java:1598)
	at java.base/java.util.Scanner.nextInt(Scanner.java:2263)
	at java.base/java.util.Scanner.nextInt(Scanner.java:2217)
	at hr.java.vjezbe.glavna.Glavna.main(Glavna.java:32)
2022-11-08 14:26:35,312 ERROR [main] h.j.v.g.Glavna [Glavna.java:42] Krivi unos
java.util.InputMismatchException: null
	at java.base/java.util.Scanner.throwFor(Scanner.java:943)
	at java.base/java.util.Scanner.next(Scanner.java:1598)
	at java.base/java.util.Scanner.nextInt(Scanner.java:2263)
	at java.base/java.util.Scanner.nextInt(Scanner.java:2217)
	at hr.java.vjezbe.glavna.Glavna.main(Glavna.java:32)
2022-11-08 14:26:37,038 WARN [main] h.j.v.g.Glavna [VeleucilisteJave.java:89] Student Danka Zupanovic zbog negativne ocjene na jednom od ispita ima prosjek 'nedovoljan (1)'!
hr.java.vjezbe.iznimke.NemoguceOdreditiProsjekStudentaException: "Student Danka Zupanovic je ocjenjen negativom ocjenom iz predmeta OOP (SP9000)!"
	at hr.java.vjezbe.entitet.VeleucilisteJave.izracunajKonacnuOcjenuStudijaZaStudenta(VeleucilisteJave.java:75)
	at hr.java.vjezbe.glavna.Glavna.main(Glavna.java:197)
2022-11-08 14:27:04,182 ERROR [main] h.j.v.g.Glavna [Glavna.java:42] Krivi unos
java.util.InputMismatchException: null
	at java.base/java.util.Scanner.throwFor(Scanner.java:943)
	at java.base/java.util.Scanner.next(Scanner.java:1598)
	at java.base/java.util.Scanner.nextInt(Scanner.java:2263)
	at java.base/java.util.Scanner.nextInt(Scanner.java:2217)
	at hr.java.vjezbe.glavna.Glavna.main(Glavna.java:32)
2022-11-08 14:27:04,222 WARN [main] h.j.v.g.Glavna [VeleucilisteJave.java:89] Student Emil Frankovic zbog negativne ocjene na jednom od ispita ima prosjek 'nedovoljan (1)'!
hr.java.vjezbe.iznimke.NemoguceOdreditiProsjekStudentaException: "Student Emil Frankovic je ocjenjen negativom ocjenom iz predmeta OOP (SP9000)!"
	at hr.java.vjezbe.entitet.VeleucilisteJave.izracunajKonacnuOcjenuStudijaZaStudenta(VeleucilisteJave.java:75)
	at hr.java.vjezbe.glavna.Glavna.main(Glavna.java:197)
2022-11-08 14:27:35,089 ERROR [main] h.j.v.g.Glavna [Glavna.java:42] Krivi unos
java.util.InputMismatchException: null
	at java.base/java.util.Scanner.throwFor(Scanner.java:943)
	at java.base/java.util.Scanner.next(Scanner.java:1598)
	at java.base/java.util.Scanner.nextInt(Scanner.java:2263)
	at java.base/java.util.Scanner.nextInt(Scanner.java:2217)
	at hr.java.vjezbe.glavna.Glavna.main(Glavna.java:32)
2022-11-08 14:27:35,128 WARN [main] h.j.v.g.Glavna [VeleucilisteJave.java:89] Student Emil Frankovic zbog negativne ocjene na jednom od ispita ima prosjek 'nedovoljan (1)'!
hr.java.vjezbe.iznimke.NemoguceOdreditiProsjekStudentaException: "Student Emil Frankovic je ocjenjen negativom ocjenom iz predmeta Programiranje (SP710)!"
	at hr.java.vjezbe.entitet.VeleucilisteJave.izracunajKonacnuOcjenuStudijaZaStudenta(VeleucilisteJave.java:75)
	at hr.java.vjezbe.glavna.Glavna.main(Glavna.java:197)
2022-11-08 14:55:07,186 ERROR [main] h.j.v.g.Glavna [Glavna.java:42] Krivi unos
java.util.InputMismatchException: null
	at java.base/java.util.Scanner.throwFor(Scanner.java:943)
	at java.base/java.util.Scanner.next(Scanner.java:1598)
	at java.base/java.util.Scanner.nextInt(Scanner.java:2263)
	at java.base/java.util.Scanner.nextInt(Scanner.java:2217)
	at hr.java.vjezbe.glavna.Glavna.main(Glavna.java:32)
2022-11-08 14:55:08,695 WARN [main] h.j.v.g.Glavna [VeleucilisteJave.java:89] Student Danka Zupanovic zbog negativne ocjene na jednom od ispita ima prosjek 'nedovoljan (1)'!
hr.java.vjezbe.iznimke.NemoguceOdreditiProsjekStudentaException: "Student Danka Zupanovic je ocjenjen negativom ocjenom iz predmeta OOP (SP9000)!"
	at hr.java.vjezbe.entitet.VeleucilisteJave.izracunajKonacnuOcjenuStudijaZaStudenta(VeleucilisteJave.java:75)
	at hr.java.vjezbe.glavna.Glavna.main(Glavna.java:197)
